\BOOKMARK [1][-]{section.1}{Introduction}{}% 1
\BOOKMARK [2][-]{subsection.1.1}{Purpose}{section.1}% 2
\BOOKMARK [2][-]{subsection.1.2}{Scope}{section.1}% 3
\BOOKMARK [3][-]{subsubsection.1.2.1}{Definitions}{subsection.1.2}% 4
\BOOKMARK [1][-]{section.2}{Overall Description}{}% 5
\BOOKMARK [2][-]{subsection.2.1}{Product Perspective }{section.2}% 6
\BOOKMARK [2][-]{subsection.2.2}{product functions}{section.2}% 7
\BOOKMARK [2][-]{subsection.2.3}{User characteristics}{section.2}% 8
\BOOKMARK [2][-]{subsection.2.4}{General Constraint}{section.2}% 9
\BOOKMARK [2][-]{subsection.2.5}{Assumptions and dependencies}{section.2}% 10
\BOOKMARK [1][-]{section.3}{Detailed Requirements}{}% 11
\BOOKMARK [2][-]{subsection.3.1}{External Interface Requirements}{section.3}% 12
\BOOKMARK [3][-]{subsubsection.3.1.1}{User Interfaces \(Thomas\)}{subsection.3.1}% 13
\BOOKMARK [3][-]{subsubsection.3.1.2}{Hardware Interfaces \(Clifford\)}{subsection.3.1}% 14
\BOOKMARK [3][-]{subsubsection.3.1.3}{Software Interfaces \(Clifford\)}{subsection.3.1}% 15
\BOOKMARK [2][-]{subsection.3.2}{Function Requirements}{section.3}% 16
\BOOKMARK [3][-]{subsubsection.3.2.1}{Back-end requirements}{subsection.3.2}% 17
\BOOKMARK [3][-]{subsubsection.3.2.2}{Front-end requirements}{subsection.3.2}% 18
\BOOKMARK [2][-]{subsection.3.3}{Performance Requirements}{section.3}% 19
\BOOKMARK [3][-]{subsubsection.3.3.1}{Intuitiveness}{subsection.3.3}% 20
\BOOKMARK [3][-]{subsubsection.3.3.2}{Speed}{subsection.3.3}% 21
\BOOKMARK [3][-]{subsubsection.3.3.3}{Agility}{subsection.3.3}% 22
\BOOKMARK [2][-]{subsection.3.4}{Software System Attributes}{section.3}% 23
\BOOKMARK [3][-]{subsubsection.3.4.1}{Reliability}{subsection.3.4}% 24
\BOOKMARK [3][-]{subsubsection.3.4.2}{Security}{subsection.3.4}% 25
\BOOKMARK [3][-]{subsubsection.3.4.3}{Maintainability}{subsection.3.4}% 26
\BOOKMARK [2][-]{subsection.3.5}{Design Constraints}{section.3}% 27
\BOOKMARK [3][-]{subsubsection.3.5.1}{Hardware}{subsection.3.5}% 28
\BOOKMARK [3][-]{subsubsection.3.5.2}{User direct interaction constraints}{subsection.3.5}% 29
